<?xml version="1.0" encoding="UTF-8" ?>
<testsuite tests="11" failures="0" name="HeroTest" time="0" errors="0" skipped="0">
  <properties>
[...]
</properties>
  <testcase classname="HeroTest" name="getPower_returnsString_cooking" time="0"/>
  <testcase classname="HeroTest" name="Hero_instatiatesCorrectly_true" time="0"/>
  <testcase classname="HeroTest" name="find_returnsCorrectHeroWhenMoreThanOneExists_Hero" time="0"/>
  <testcase classname="HeroTest" name="getId_assignsUniqueId_int" time="0"/>
  <testcase classname="HeroTest" name="getSquadId_assignsEachHeroItsSquadId_int" time="0"/>
  <testcase classname="HeroTest" name="getName_returnsString_mario" time="0"/>
  <testcase classname="HeroTest" name="find_ReturnsAnInstanceOfHeroes_Hero" time="0"/>
  <testcase classname="HeroTest" name="getHeroes_returnsList_List" time="0"/>
  <testcase classname="HeroTest" name="getAge_returnsInteger_12" time="0"/>
  <testcase classname="HeroTest" name="instances_containsHeroObjectsCreated_true" time="0"/>
  <testcase classname="HeroTest" name="getWeakness_returnsString_eating" time="0"/>
</testsuite>